0 info it worked if it ends with ok
1 verbose cli [ '/usr/local/bin/node', '/usr/local/bin/npm', 'publish' ]
2 info using npm@1.3.14
3 info using node@v0.10.22
4 verbose publish [ '.' ]
5 verbose cache add [ '.', null ]
6 verbose cache add name=undefined spec="." args=[".",null]
7 verbose parsed url { protocol: null,
7 verbose parsed url   slashes: null,
7 verbose parsed url   auth: null,
7 verbose parsed url   host: null,
7 verbose parsed url   port: null,
7 verbose parsed url   hostname: null,
7 verbose parsed url   hash: null,
7 verbose parsed url   search: null,
7 verbose parsed url   query: null,
7 verbose parsed url   pathname: '.',
7 verbose parsed url   path: '.',
7 verbose parsed url   href: '.' }
8 silly lockFile 3a52ce78- .
9 verbose lock . /home/IDEAIS/jeferson.leao/.npm/3a52ce78-.lock
10 verbose tar pack [ '/home/IDEAIS/jeferson.leao/tmp/npm-26375-p-Xmgy41/1392031026127-0.46122071146965027/tmp.tgz',
10 verbose tar pack   '.' ]
11 verbose tarball /home/IDEAIS/jeferson.leao/tmp/npm-26375-p-Xmgy41/1392031026127-0.46122071146965027/tmp.tgz
12 verbose folder .
13 info prepublish token-manager@0.1.0
14 silly lockFile 1f1177db-tar tar://.
15 verbose lock tar://. /home/IDEAIS/jeferson.leao/.npm/1f1177db-tar.lock
16 silly lockFile b1410a3c-6127-0-46122071146965027-tmp-tgz tar:///home/IDEAIS/jeferson.leao/tmp/npm-26375-p-Xmgy41/1392031026127-0.46122071146965027/tmp.tgz
17 verbose lock tar:///home/IDEAIS/jeferson.leao/tmp/npm-26375-p-Xmgy41/1392031026127-0.46122071146965027/tmp.tgz /home/IDEAIS/jeferson.leao/.npm/b1410a3c-6127-0-46122071146965027-tmp-tgz.lock
18 silly lockFile 1f1177db-tar tar://.
19 silly lockFile 1f1177db-tar tar://.
20 silly lockFile b1410a3c-6127-0-46122071146965027-tmp-tgz tar:///home/IDEAIS/jeferson.leao/tmp/npm-26375-p-Xmgy41/1392031026127-0.46122071146965027/tmp.tgz
21 silly lockFile b1410a3c-6127-0-46122071146965027-tmp-tgz tar:///home/IDEAIS/jeferson.leao/tmp/npm-26375-p-Xmgy41/1392031026127-0.46122071146965027/tmp.tgz
22 verbose tar unpack /home/IDEAIS/jeferson.leao/tmp/npm-26375-p-Xmgy41/1392031026127-0.46122071146965027/tmp.tgz
23 silly lockFile 76249ca0-6127-0-46122071146965027-package tar:///home/IDEAIS/jeferson.leao/tmp/npm-26375-p-Xmgy41/1392031026127-0.46122071146965027/package
24 verbose lock tar:///home/IDEAIS/jeferson.leao/tmp/npm-26375-p-Xmgy41/1392031026127-0.46122071146965027/package /home/IDEAIS/jeferson.leao/.npm/76249ca0-6127-0-46122071146965027-package.lock
25 silly lockFile b1410a3c-6127-0-46122071146965027-tmp-tgz tar:///home/IDEAIS/jeferson.leao/tmp/npm-26375-p-Xmgy41/1392031026127-0.46122071146965027/tmp.tgz
26 verbose lock tar:///home/IDEAIS/jeferson.leao/tmp/npm-26375-p-Xmgy41/1392031026127-0.46122071146965027/tmp.tgz /home/IDEAIS/jeferson.leao/.npm/b1410a3c-6127-0-46122071146965027-tmp-tgz.lock
27 silly gunzTarPerm modes [ '755', '644' ]
28 silly gunzTarPerm extractEntry package.json
29 silly gunzTarPerm extractEntry .npmignore
30 silly gunzTarPerm extractEntry README.md
31 silly gunzTarPerm extractEntry example/useclient.js
32 silly gunzTarPerm extractEntry lib/main.js
33 silly gunzTarPerm extractEntry lib/token.js
34 silly gunzTarPerm extractEntry lib/tokenmanager.js
35 silly gunzTarPerm extractEntry lib/tokenmanagerclient.js
36 silly lockFile 76249ca0-6127-0-46122071146965027-package tar:///home/IDEAIS/jeferson.leao/tmp/npm-26375-p-Xmgy41/1392031026127-0.46122071146965027/package
37 silly lockFile 76249ca0-6127-0-46122071146965027-package tar:///home/IDEAIS/jeferson.leao/tmp/npm-26375-p-Xmgy41/1392031026127-0.46122071146965027/package
38 silly lockFile b1410a3c-6127-0-46122071146965027-tmp-tgz tar:///home/IDEAIS/jeferson.leao/tmp/npm-26375-p-Xmgy41/1392031026127-0.46122071146965027/tmp.tgz
39 silly lockFile b1410a3c-6127-0-46122071146965027-tmp-tgz tar:///home/IDEAIS/jeferson.leao/tmp/npm-26375-p-Xmgy41/1392031026127-0.46122071146965027/tmp.tgz
40 verbose tar pack [ '/home/IDEAIS/jeferson.leao/.npm/token-manager/0.1.0/package.tgz',
40 verbose tar pack   '/home/IDEAIS/jeferson.leao/tmp/npm-26375-p-Xmgy41/1392031026127-0.46122071146965027/package' ]
41 verbose tarball /home/IDEAIS/jeferson.leao/.npm/token-manager/0.1.0/package.tgz
42 verbose folder /home/IDEAIS/jeferson.leao/tmp/npm-26375-p-Xmgy41/1392031026127-0.46122071146965027/package
43 silly lockFile 76249ca0-6127-0-46122071146965027-package tar:///home/IDEAIS/jeferson.leao/tmp/npm-26375-p-Xmgy41/1392031026127-0.46122071146965027/package
44 verbose lock tar:///home/IDEAIS/jeferson.leao/tmp/npm-26375-p-Xmgy41/1392031026127-0.46122071146965027/package /home/IDEAIS/jeferson.leao/.npm/76249ca0-6127-0-46122071146965027-package.lock
45 silly lockFile 241350ef--token-manager-0-1-0-package-tgz tar:///home/IDEAIS/jeferson.leao/.npm/token-manager/0.1.0/package.tgz
46 verbose lock tar:///home/IDEAIS/jeferson.leao/.npm/token-manager/0.1.0/package.tgz /home/IDEAIS/jeferson.leao/.npm/241350ef--token-manager-0-1-0-package-tgz.lock
47 silly lockFile 76249ca0-6127-0-46122071146965027-package tar:///home/IDEAIS/jeferson.leao/tmp/npm-26375-p-Xmgy41/1392031026127-0.46122071146965027/package
48 silly lockFile 76249ca0-6127-0-46122071146965027-package tar:///home/IDEAIS/jeferson.leao/tmp/npm-26375-p-Xmgy41/1392031026127-0.46122071146965027/package
49 silly lockFile 241350ef--token-manager-0-1-0-package-tgz tar:///home/IDEAIS/jeferson.leao/.npm/token-manager/0.1.0/package.tgz
50 silly lockFile 241350ef--token-manager-0-1-0-package-tgz tar:///home/IDEAIS/jeferson.leao/.npm/token-manager/0.1.0/package.tgz
51 silly lockFile 1b0fbfdb--npm-token-manager-0-1-0-package /home/IDEAIS/jeferson.leao/.npm/token-manager/0.1.0/package
52 verbose lock /home/IDEAIS/jeferson.leao/.npm/token-manager/0.1.0/package /home/IDEAIS/jeferson.leao/.npm/1b0fbfdb--npm-token-manager-0-1-0-package.lock
53 silly lockFile 1b0fbfdb--npm-token-manager-0-1-0-package /home/IDEAIS/jeferson.leao/.npm/token-manager/0.1.0/package
54 silly lockFile 1b0fbfdb--npm-token-manager-0-1-0-package /home/IDEAIS/jeferson.leao/.npm/token-manager/0.1.0/package
55 verbose tar unpack /home/IDEAIS/jeferson.leao/.npm/token-manager/0.1.0/package.tgz
56 silly lockFile 93c0f8fb--npm-token-manager-0-1-0-package tar:///home/IDEAIS/jeferson.leao/.npm/token-manager/0.1.0/package
57 verbose lock tar:///home/IDEAIS/jeferson.leao/.npm/token-manager/0.1.0/package /home/IDEAIS/jeferson.leao/.npm/93c0f8fb--npm-token-manager-0-1-0-package.lock
58 silly lockFile 241350ef--token-manager-0-1-0-package-tgz tar:///home/IDEAIS/jeferson.leao/.npm/token-manager/0.1.0/package.tgz
59 verbose lock tar:///home/IDEAIS/jeferson.leao/.npm/token-manager/0.1.0/package.tgz /home/IDEAIS/jeferson.leao/.npm/241350ef--token-manager-0-1-0-package-tgz.lock
60 silly gunzTarPerm modes [ '755', '644' ]
61 silly gunzTarPerm extractEntry package.json
62 silly gunzTarPerm extractEntry .npmignore
63 silly gunzTarPerm extractEntry README.md
64 silly gunzTarPerm extractEntry example/useclient.js
65 silly gunzTarPerm extractEntry lib/main.js
66 silly gunzTarPerm extractEntry lib/token.js
67 silly gunzTarPerm extractEntry lib/tokenmanager.js
68 silly gunzTarPerm extractEntry lib/tokenmanagerclient.js
69 silly lockFile 93c0f8fb--npm-token-manager-0-1-0-package tar:///home/IDEAIS/jeferson.leao/.npm/token-manager/0.1.0/package
70 silly lockFile 93c0f8fb--npm-token-manager-0-1-0-package tar:///home/IDEAIS/jeferson.leao/.npm/token-manager/0.1.0/package
71 silly lockFile 241350ef--token-manager-0-1-0-package-tgz tar:///home/IDEAIS/jeferson.leao/.npm/token-manager/0.1.0/package.tgz
72 silly lockFile 241350ef--token-manager-0-1-0-package-tgz tar:///home/IDEAIS/jeferson.leao/.npm/token-manager/0.1.0/package.tgz
73 verbose chmod /home/IDEAIS/jeferson.leao/.npm/token-manager/0.1.0/package.tgz 644
74 verbose chown /home/IDEAIS/jeferson.leao/.npm/token-manager/0.1.0/package.tgz [ 756, 502 ]
75 silly lockFile 3a52ce78- .
76 silly lockFile 3a52ce78- .
77 silly publish { name: 'token-manager',
77 silly publish   version: '0.1.0',
77 silly publish   description: 'Module to manage, expire and validate access tokens',
77 silly publish   main: 'lib/main.js',
77 silly publish   directories: { test: 'test' },
77 silly publish   scripts: { test: 'mocha test' },
77 silly publish   keywords: [ 'token', 'authenticator', 'expiration' ],
77 silly publish   author: { name: 'Jeff Sanches' },
77 silly publish   license: 'ISC',
77 silly publish   repository:
77 silly publish    { type: 'git',
77 silly publish      url: 'https://github.com/jsanchesleao/token-manager.git' },
77 silly publish   devDependencies: { mocha: '~1.17.0' },
77 silly publish   dependencies: { request: '~2.33.0' },
77 silly publish   readme: 'Token Manager\n=============\n\nToken manager is a module aimed to create, manage and expire access tokens.\nThe main use case is to validate authentication tokens.\n\nInstallation\n------------\n\n```bash\nnpm install token-manager\n```\n\nQuickStart\n----------\n\n```javascript\nvar tm = require(\'token-manager\');\n\nvar tokenManager = new tm.TokenManager();\n\nvar myToken = new tm.Token({\n    clientId: \'some_client\',                //set client id\n    tokenString: \'dG9rZW5tYW5hZ2VyCgo=\',    //set token content\n    expiration: 10 * 60 * 1000              //set the expiration time, in milliseconds\n});\n\ntokenManager.put(myToken);                  //register the token\n\n/* ... */\n\ntokenManager.get(\'dG9rZW5tYW5hZ2VyCgo=\');   //restores the token and refreshes its expiration time.\n```\n\nEvery time you create a Token object, it\'s lifecycle starts, set to expire after a delimited amount of time.\nWhen a given token is checked with TokenManager.get() method, it\'s lifecycle restarts.\n\nIf the expiration time for a given token has passed without any refresh, the token is set to expired,\nraising an error the next time it\'s requested.\n\n\nAPI\n---\n\n### Token\n\n* constructor\n\n```javascript\nnew Token({\n    clientId: \'id\',\n    tokenString: \'abcd\',\n    expiration: 1000,\n    roles: [\'client\', \'admin\']\n});\n```\n\n** clientId: A String containing the client id. Required.\n\n** tokenString: A String containing the token data. Required.\n\n** expiration: The expiration time for the token in milliseconds. Required.\n\n** roles: An array containing roles associated with the clientId. Optional.\n\n* expire()\n\n```javascript\ntoken.expire();\n```\n\nImmediately stops the token\'s lifecycle and expires it.\n\n* visit()\n\n```javascript\ntoken.visit();\n```\n\nRefreshes the lifecycle of the token, meaning it stops the current expiration cycle, and start another one.\n\n* is(role)\n\n```javascript\ntoken.is(\'admin\')\n```\nReturns true if the token contains a given role.\n\n\n### TokenManager\n\n* constructor\n\n```javascript\nnew TokenManager();\n```\n\n* put(token);\n\n```javascript\ntokenManager.put( aToken );\n```\n\nSaves the token in the registry. Returns nothing. Blocking.\n\n* get(tokenString);\n\n```javascript\ntokenManager.get( tokenString );\n```\n\nChecks for the token in the registry. It also refreshes the token lifecycle. Blocking. Returns a token object\n\n\nIntegration with token-manager-server\n-------------------------------------\n\nYou can access a [token-manager-server](https://github.com/jsanchesleao/token-manager-server "TokenManagerServer") instance by using by using the client API provided out of the box:\n\n```javascript\n    var tm = require(\'token-manager\')\n\n    var client = new tm.TokenManagerClient({\n        endpoint: \'http://yourserver/token\',\n        timeout: 30000                          // defaults to 10000\n    });\n\n    /* example of sending a token */\n    client.put( new tm.Token({\n        clientId: \'jeff\',\n        tokenString: \'abcd\',\n        expiration: 30000\n    }), function(error, data){\n        console.log(\'posted the token\')\n    });\n\n    /* example of getting a token */\n    client.get( \'abc\', function(error, data){\n        console.log(\'clientId is: \' + data.clientId);\n    });\n```\n\n### TokenManagerClient\n\n* constructor\n\n```javascript\nnew TokenManagerClient(config);\n```\n\nAccepts a config object with the following fields:\n\nendpoint: a string with the complete tokenManagerServer endpoint\ntimeout: in milliseconds. Defaults to 10000.\n\n* put(token, callback);\n\n```javascript\ntokenManagerClient.put( aToken, function(error, data){\n    if(error) throw error;\n    console.log(data);\n});\n```\n\nSaves the token in the server. Returns a data object containing the same tokenString and clientId of the token passed.\n\n* get(tokenString, callback);\n\n```javascript\ntokenManagerClient.get( tokenString, function(error, data){\n    if(error) throw error;\n    console.log(data);\n});\n```\n\nRecover a token from the server. The data object returned contains tokenString and clientId.',
77 silly publish   readmeFilename: 'README.md',
77 silly publish   bugs: { url: 'https://github.com/jsanchesleao/token-manager/issues' },
77 silly publish   homepage: 'https://github.com/jsanchesleao/token-manager',
77 silly publish   _id: 'token-manager@0.1.0',
77 silly publish   dist: { shasum: 'c18f2678bf37a0799f2781e548e32116dca9fcd7' },
77 silly publish   _from: '.' }
78 verbose url raw token-manager
79 verbose url resolving [ 'https://registry.npmjs.org/', './token-manager' ]
80 verbose url resolved https://registry.npmjs.org/token-manager
81 info trying registry request attempt 1 at 09:17:06
82 http PUT https://registry.npmjs.org/token-manager
83 http 409 https://registry.npmjs.org/token-manager
84 verbose url raw token-manager
85 verbose url resolving [ 'https://registry.npmjs.org/', './token-manager' ]
86 verbose url resolved https://registry.npmjs.org/token-manager
87 info trying registry request attempt 1 at 09:17:07
88 http GET https://registry.npmjs.org/token-manager
89 http 200 https://registry.npmjs.org/token-manager
90 error publish fail Cannot publish over existing version.
90 error publish fail Update the 'version' field in package.json and try again.
90 error publish fail
90 error publish fail If the previous version was published in error, see:
90 error publish fail     npm help unpublish
90 error publish fail
90 error publish fail To automatically increment version numbers, see:
90 error publish fail     npm help version
91 error System Linux 3.2.0-35-generic
92 error command "/usr/local/bin/node" "/usr/local/bin/npm" "publish"
93 error cwd /home/IDEAIS/jeferson.leao/projetos/token-manager
94 error node -v v0.10.22
95 error npm -v 1.3.14
96 error code EPUBLISHCONFLICT
97 verbose exit [ 1, true ]
